going up
turning off
turning off
going up
turning off
going up
turning off
going up
turning off
going up
HTTP/1.0 201 CREATED
Content-Type: application/json
Content-Length: 145
Server: Werkzeug/0.9.6 Python/2.7.9
Date: Mon, 30 Nov 2015 14:00:02 GMT

{
    "task": {
        "description": "", 
        "done": false, 
        "title": "LightsOn", 
        "uri": "/pwmtree/api/tasks/15"
    }
}
HTTP/1.0 201 CREATED
Content-Type: application/json
Content-Length: 147
Server: Werkzeug/0.9.6 Python/2.7.9
Date: Tue, 01 Dec 2015 05:00:01 GMT

{
    "task": {
        "description": "", 
        "done": false, 
        "title": "LightsOff", 
        "uri": "/pwmtree/api/tasks/362"
    }
}
HTTP/1.0 201 CREATED
Content-Type: application/json
Content-Length: 146
Server: Werkzeug/0.9.6 Python/2.7.9
Date: Tue, 01 Dec 2015 14:00:01 GMT

{
    "task": {
        "description": "", 
        "done": false, 
        "title": "LightsOn", 
        "uri": "/pwmtree/api/tasks/369"
    }
}
HTTP/1.0 201 CREATED
Content-Type: application/json
Content-Length: 145
Server: Werkzeug/0.9.6 Python/2.7.9
Date: Wed, 02 Dec 2015 05:00:01 GMT

{
    "task": {
        "description": "", 
        "done": false, 
        "title": "LightsOff", 
        "uri": "/pwmtree/api/tasks/9"
    }
}
HTTP/1.0 201 CREATED
Content-Type: application/json
Content-Length: 145
Server: Werkzeug/0.9.6 Python/2.7.9
Date: Wed, 02 Dec 2015 14:00:01 GMT

{
    "task": {
        "description": "", 
        "done": false, 
        "title": "LightsOn", 
        "uri": "/pwmtree/api/tasks/26"
    }
}
HTTP/1.0 201 CREATED
Content-Type: application/json
Content-Length: 146
Server: Werkzeug/0.9.6 Python/2.7.9
Date: Thu, 03 Dec 2015 05:00:01 GMT

{
    "task": {
        "description": "", 
        "done": false, 
        "title": "LightsOff", 
        "uri": "/pwmtree/api/tasks/56"
    }
}
HTTP/1.0 201 CREATED
Content-Type: application/json
Content-Length: 147
Server: Werkzeug/0.9.6 Python/2.7.9
Date: Fri, 04 Dec 2015 05:00:01 GMT

{
    "task": {
        "description": "", 
        "done": false, 
        "title": "LightsOff", 
        "uri": "/pwmtree/api/tasks/237"
    }
}
HTTP/1.0 201 CREATED
Content-Type: application/json
Content-Length: 146
Server: Werkzeug/0.9.6 Python/2.7.9
Date: Fri, 04 Dec 2015 13:00:01 GMT

{
    "task": {
        "description": "", 
        "done": false, 
        "title": "LightsOn", 
        "uri": "/pwmtree/api/tasks/238"
    }
}
HTTP/1.0 201 CREATED
Content-Type: application/json
Content-Length: 147
Server: Werkzeug/0.9.6 Python/2.7.9
Date: Sat, 05 Dec 2015 05:00:01 GMT

{
    "task": {
        "description": "", 
        "done": false, 
        "title": "LightsOff", 
        "uri": "/pwmtree/api/tasks/242"
    }
}
HTTP/1.0 201 CREATED
Content-Type: application/json
Content-Length: 146
Server: Werkzeug/0.9.6 Python/2.7.9
Date: Sat, 05 Dec 2015 13:00:02 GMT

{
    "task": {
        "description": "", 
        "done": false, 
        "title": "LightsOn", 
        "uri": "/pwmtree/api/tasks/243"
    }
}
HTTP/1.0 201 CREATED
Content-Type: application/json
Content-Length: 146
Server: Werkzeug/0.9.6 Python/2.7.9
Date: Sun, 06 Dec 2015 05:00:02 GMT

{
    "task": {
        "description": "", 
        "done": false, 
        "title": "LightsOff", 
        "uri": "/pwmtree/api/tasks/11"
    }
}
HTTP/1.0 201 CREATED
Content-Type: application/json
Content-Length: 145
Server: Werkzeug/0.9.6 Python/2.7.9
Date: Sun, 06 Dec 2015 13:00:01 GMT

{
    "task": {
        "description": "", 
        "done": false, 
        "title": "LightsOn", 
        "uri": "/pwmtree/api/tasks/32"
    }
}
HTTP/1.0 201 CREATED
Content-Type: application/json
Content-Length: 146
Server: Werkzeug/0.9.6 Python/2.7.9
Date: Mon, 07 Dec 2015 05:00:01 GMT

{
    "task": {
        "description": "", 
        "done": false, 
        "title": "LightsOff", 
        "uri": "/pwmtree/api/tasks/13"
    }
}
HTTP/1.0 201 CREATED
Content-Type: application/json
Content-Length: 145
Server: Werkzeug/0.9.6 Python/2.7.9
Date: Mon, 07 Dec 2015 13:00:01 GMT

{
    "task": {
        "description": "", 
        "done": false, 
        "title": "LightsOn", 
        "uri": "/pwmtree/api/tasks/22"
    }
}
HTTP/1.0 201 CREATED
Content-Type: application/json
Content-Length: 146
Server: Werkzeug/0.9.6 Python/2.7.9
Date: Tue, 08 Dec 2015 05:00:01 GMT

{
    "task": {
        "description": "", 
        "done": false, 
        "title": "LightsOff", 
        "uri": "/pwmtree/api/tasks/53"
    }
}
HTTP/1.0 201 CREATED
Content-Type: application/json
Content-Length: 146
Server: Werkzeug/0.9.6 Python/2.7.9
Date: Tue, 08 Dec 2015 13:00:01 GMT

{
    "task": {
        "description": "", 
        "done": false, 
        "title": "LightsOn", 
        "uri": "/pwmtree/api/tasks/164"
    }
}
HTTP/1.0 201 CREATED
Content-Type: application/json
Content-Length: 147
Server: Werkzeug/0.9.6 Python/2.7.9
Date: Wed, 09 Dec 2015 05:00:02 GMT

{
    "task": {
        "description": "", 
        "done": false, 
        "title": "LightsOff", 
        "uri": "/pwmtree/api/tasks/231"
    }
}
HTTP/1.0 201 CREATED
Content-Type: application/json
Content-Length: 146
Server: Werkzeug/0.9.6 Python/2.7.9
Date: Wed, 09 Dec 2015 13:00:01 GMT

{
    "task": {
        "description": "", 
        "done": false, 
        "title": "LightsOn", 
        "uri": "/pwmtree/api/tasks/247"
    }
}
HTTP/1.0 201 CREATED
Content-Type: application/json
Content-Length: 147
Server: Werkzeug/0.9.6 Python/2.7.9
Date: Thu, 10 Dec 2015 05:00:01 GMT

{
    "task": {
        "description": "", 
        "done": false, 
        "title": "LightsOff", 
        "uri": "/pwmtree/api/tasks/302"
    }
}
HTTP/1.0 201 CREATED
Content-Type: application/json
Content-Length: 146
Server: Werkzeug/0.9.6 Python/2.7.9
Date: Thu, 10 Dec 2015 13:00:01 GMT

{
    "task": {
        "description": "", 
        "done": false, 
        "title": "LightsOn", 
        "uri": "/pwmtree/api/tasks/303"
    }
}
HTTP/1.0 201 CREATED
Content-Type: application/json
Content-Length: 147
Server: Werkzeug/0.9.6 Python/2.7.9
Date: Fri, 11 Dec 2015 05:00:02 GMT

{
    "task": {
        "description": "", 
        "done": false, 
        "title": "LightsOff", 
        "uri": "/pwmtree/api/tasks/345"
    }
}
HTTP/1.0 201 CREATED
Content-Type: application/json
Content-Length: 146
Server: Werkzeug/0.9.6 Python/2.7.9
Date: Fri, 11 Dec 2015 13:00:01 GMT

{
    "task": {
        "description": "", 
        "done": false, 
        "title": "LightsOn", 
        "uri": "/pwmtree/api/tasks/346"
    }
}
HTTP/1.0 201 CREATED
Content-Type: application/json
Content-Length: 146
Server: Werkzeug/0.9.6 Python/2.7.9
Date: Sat, 12 Dec 2015 05:00:01 GMT

{
    "task": {
        "description": "", 
        "done": false, 
        "title": "LightsOff", 
        "uri": "/pwmtree/api/tasks/18"
    }
}
HTTP/1.0 201 CREATED
Content-Type: application/json
Content-Length: 145
Server: Werkzeug/0.9.6 Python/2.7.9
Date: Sat, 12 Dec 2015 13:00:02 GMT

{
    "task": {
        "description": "", 
        "done": false, 
        "title": "LightsOn", 
        "uri": "/pwmtree/api/tasks/19"
    }
}
HTTP/1.0 201 CREATED
Content-Type: application/json
Content-Length: 146
Server: Werkzeug/0.9.6 Python/2.7.9
Date: Sun, 13 Dec 2015 05:00:01 GMT

{
    "task": {
        "description": "", 
        "done": false, 
        "title": "LightsOff", 
        "uri": "/pwmtree/api/tasks/26"
    }
}
HTTP/1.0 201 CREATED
Content-Type: application/json
Content-Length: 145
Server: Werkzeug/0.9.6 Python/2.7.9
Date: Sun, 13 Dec 2015 13:00:01 GMT

{
    "task": {
        "description": "", 
        "done": false, 
        "title": "LightsOn", 
        "uri": "/pwmtree/api/tasks/27"
    }
}
